app/build/intermediates/manifest_merge_blame_file/debug/manifest-merger-blame-debug-report.txt
1<?xml version="1.0" encoding="utf-8"?>
2<manifest xmlns:android="http://schemas.android.com/apk/res/android"
3    package="com.softglu.bharatshare"
4    android:versionCode="8"
5    android:versionName="1.0" >
6
7    <uses-sdk
8        android:minSdkVersion="16"
8-->src\main\AndroidManifest.xml
9        android:targetSdkVersion="28" />
9-->src\main\AndroidManifest.xml
10
11    <uses-permission android:name="android.permission.ACCESS_WIFI_STATE" />
11-->src\main\AndroidManifest.xml:6:5-76
11-->src\main\AndroidManifest.xml:6:22-73
12    <uses-permission android:name="android.permission.ACCESS_NETWORK_STATE" />
12-->src\main\AndroidManifest.xml:7:5-79
12-->src\main\AndroidManifest.xml:7:22-76
13    <uses-permission android:name="android.permission.CHANGE_WIFI_STATE" />
13-->src\main\AndroidManifest.xml:8:5-76
13-->src\main\AndroidManifest.xml:8:22-73
14    <uses-permission android:name="android.permission.CHANGE_NETWORK_STATE" />
14-->src\main\AndroidManifest.xml:9:5-79
14-->src\main\AndroidManifest.xml:9:22-76
15    <uses-permission android:name="android.permission.INTERNET" />
15-->src\main\AndroidManifest.xml:10:5-67
15-->src\main\AndroidManifest.xml:10:22-64
16    <uses-permission android:name="android.permission.FOREGROUND_SERVICE" />
16-->src\main\AndroidManifest.xml:11:5-77
16-->src\main\AndroidManifest.xml:11:22-74
17    <uses-permission android:name="android.permission.READ_PHONE_STATE" />
17-->src\main\AndroidManifest.xml:12:5-75
17-->src\main\AndroidManifest.xml:12:22-72
18    <uses-permission android:name="android.permission.REQUEST_INSTALL_PACKAGES" />
18-->src\main\AndroidManifest.xml:13:5-83
18-->src\main\AndroidManifest.xml:13:22-80
19    <uses-permission android:name="android.permission.SYSTEM_ALERT_WINDOW" />
19-->src\main\AndroidManifest.xml:14:5-78
19-->src\main\AndroidManifest.xml:14:22-75
20    <uses-permission android:name="android.permission.WRITE_EXTERNAL_STORAGE" />
20-->src\main\AndroidManifest.xml:15:5-81
20-->src\main\AndroidManifest.xml:15:22-78
21    <uses-permission android:name="android.permission.WRITE_SETTINGS" />
21-->src\main\AndroidManifest.xml:16:5-17:47
21-->src\main\AndroidManifest.xml:16:22-70
22    <uses-permission android:name="android.permission.ACCESS_COARSE_LOCATION" />
22-->src\main\AndroidManifest.xml:18:5-81
22-->src\main\AndroidManifest.xml:18:22-78
23    <uses-permission android:name="android.permission.ACCESS_FINE_LOCATION" />
23-->src\main\AndroidManifest.xml:19:5-79
23-->src\main\AndroidManifest.xml:19:22-76
24    <uses-permission android:name="android.permission.VIBRATE" />
24-->src\main\AndroidManifest.xml:20:5-66
24-->src\main\AndroidManifest.xml:20:22-63
25    <uses-permission android:name="android.permission.WAKE_LOCK" />
25-->src\main\AndroidManifest.xml:22:5-68
25-->src\main\AndroidManifest.xml:22:22-65
26    <uses-permission android:name="android.permission.CAMERA" /> <!-- Don't require camera, as this requires a rear camera. This allows it to work on the Nexus 7 -->
26-->[com.velitasali.tools.android:zxing:3.6.3] AndroidManifest.xml:11:5-65
26-->[com.velitasali.tools.android:zxing:3.6.3] AndroidManifest.xml:11:22-62
27    <uses-feature
27-->[com.velitasali.tools.android:zxing:3.6.3] AndroidManifest.xml:14:5-16:36
28        android:name="android.hardware.camera"
28-->[com.velitasali.tools.android:zxing:3.6.3] AndroidManifest.xml:15:9-47
29        android:required="false" />
29-->[com.velitasali.tools.android:zxing:3.6.3] AndroidManifest.xml:16:9-33
30    <uses-feature
30-->[com.velitasali.tools.android:zxing:3.6.3] AndroidManifest.xml:17:5-19:36
31        android:name="android.hardware.camera.front"
31-->[com.velitasali.tools.android:zxing:3.6.3] AndroidManifest.xml:18:9-53
32        android:required="false" /> <!-- TODO replace above two with next line after Android 4.2 -->
32-->[com.velitasali.tools.android:zxing:3.6.3] AndroidManifest.xml:19:9-33
33    <!-- <uses-feature android:name="android.hardware.camera.any"/> -->
34    <uses-feature
34-->[com.velitasali.tools.android:zxing:3.6.3] AndroidManifest.xml:22:5-24:36
35        android:name="android.hardware.camera.autofocus"
35-->[com.velitasali.tools.android:zxing:3.6.3] AndroidManifest.xml:23:9-57
36        android:required="false" />
36-->[com.velitasali.tools.android:zxing:3.6.3] AndroidManifest.xml:24:9-33
37    <uses-feature
37-->[com.velitasali.tools.android:zxing:3.6.3] AndroidManifest.xml:25:5-27:36
38        android:name="android.hardware.camera.flash"
38-->[com.velitasali.tools.android:zxing:3.6.3] AndroidManifest.xml:26:9-53
39        android:required="false" />
39-->[com.velitasali.tools.android:zxing:3.6.3] AndroidManifest.xml:27:9-33
40    <uses-feature
40-->[com.velitasali.tools.android:zxing:3.6.3] AndroidManifest.xml:28:5-30:36
41        android:name="android.hardware.screen.landscape"
41-->[com.velitasali.tools.android:zxing:3.6.3] AndroidManifest.xml:29:9-57
42        android:required="false" />
42-->[com.velitasali.tools.android:zxing:3.6.3] AndroidManifest.xml:30:9-33
43    <uses-feature
43-->[com.velitasali.tools.android:zxing:3.6.3] AndroidManifest.xml:31:5-33:36
44        android:name="android.hardware.wifi"
44-->[com.velitasali.tools.android:zxing:3.6.3] AndroidManifest.xml:32:9-45
45        android:required="false" /> <!-- Create a unique permission for your app and use it so only your app can receive your OneSignal messages. -->
45-->[com.velitasali.tools.android:zxing:3.6.3] AndroidManifest.xml:33:9-33
46    <permission
46-->[com.onesignal:OneSignal:3.14.1] AndroidManifest.xml:7:5-9:47
47        android:name="com.softglu.bharatshare.permission.C2D_MESSAGE"
47-->[com.onesignal:OneSignal:3.14.1] AndroidManifest.xml:8:9-63
48        android:protectionLevel="signature" />
48-->[com.onesignal:OneSignal:3.14.1] AndroidManifest.xml:9:9-44
49
50    <uses-permission android:name="com.softglu.bharatshare.permission.C2D_MESSAGE" />
50-->[com.onesignal:OneSignal:3.14.1] AndroidManifest.xml:11:5-79
50-->[com.onesignal:OneSignal:3.14.1] AndroidManifest.xml:11:22-76
51    <uses-permission android:name="com.google.android.c2dm.permission.RECEIVE" />
51-->[com.onesignal:OneSignal:3.14.1] AndroidManifest.xml:17:5-82
51-->[com.onesignal:OneSignal:3.14.1] AndroidManifest.xml:17:22-79
52    <!--
53 Use to restore notifications the user hasn't interacted with.
54         They could be missed notifications if the user reboots their device if this isn't in place.
55    -->
56    <uses-permission android:name="android.permission.RECEIVE_BOOT_COMPLETED" /> <!-- START: ShortcutBadger -->
56-->[com.onesignal:OneSignal:3.14.1] AndroidManifest.xml:29:5-81
56-->[com.onesignal:OneSignal:3.14.1] AndroidManifest.xml:29:22-78
57    <!-- Samsung -->
58    <uses-permission android:name="com.sec.android.provider.badge.permission.READ" />
58-->[com.onesignal:OneSignal:3.14.1] AndroidManifest.xml:31:5-86
58-->[com.onesignal:OneSignal:3.14.1] AndroidManifest.xml:31:22-83
59    <uses-permission android:name="com.sec.android.provider.badge.permission.WRITE" /> <!-- HTC -->
59-->[com.onesignal:OneSignal:3.14.1] AndroidManifest.xml:32:5-87
59-->[com.onesignal:OneSignal:3.14.1] AndroidManifest.xml:32:22-84
60    <uses-permission android:name="com.htc.launcher.permission.READ_SETTINGS" />
60-->[com.onesignal:OneSignal:3.14.1] AndroidManifest.xml:33:5-81
60-->[com.onesignal:OneSignal:3.14.1] AndroidManifest.xml:33:22-78
61    <uses-permission android:name="com.htc.launcher.permission.UPDATE_SHORTCUT" /> <!-- Sony -->
61-->[com.onesignal:OneSignal:3.14.1] AndroidManifest.xml:34:5-83
61-->[com.onesignal:OneSignal:3.14.1] AndroidManifest.xml:34:22-80
62    <uses-permission android:name="com.sonyericsson.home.permission.BROADCAST_BADGE" />
62-->[com.onesignal:OneSignal:3.14.1] AndroidManifest.xml:35:5-88
62-->[com.onesignal:OneSignal:3.14.1] AndroidManifest.xml:35:22-85
63    <uses-permission android:name="com.sonymobile.home.permission.PROVIDER_INSERT_BADGE" /> <!-- Apex -->
63-->[com.onesignal:OneSignal:3.14.1] AndroidManifest.xml:36:5-92
63-->[com.onesignal:OneSignal:3.14.1] AndroidManifest.xml:36:22-89
64    <uses-permission android:name="com.anddoes.launcher.permission.UPDATE_COUNT" /> <!-- Solid -->
64-->[com.onesignal:OneSignal:3.14.1] AndroidManifest.xml:37:5-84
64-->[com.onesignal:OneSignal:3.14.1] AndroidManifest.xml:37:22-81
65    <uses-permission android:name="com.majeur.launcher.permission.UPDATE_BADGE" /> <!-- Huawei -->
65-->[com.onesignal:OneSignal:3.14.1] AndroidManifest.xml:38:5-83
65-->[com.onesignal:OneSignal:3.14.1] AndroidManifest.xml:38:22-80
66    <uses-permission android:name="com.huawei.android.launcher.permission.CHANGE_BADGE" />
66-->[com.onesignal:OneSignal:3.14.1] AndroidManifest.xml:39:5-91
66-->[com.onesignal:OneSignal:3.14.1] AndroidManifest.xml:39:22-88
67    <uses-permission android:name="com.huawei.android.launcher.permission.READ_SETTINGS" />
67-->[com.onesignal:OneSignal:3.14.1] AndroidManifest.xml:40:5-92
67-->[com.onesignal:OneSignal:3.14.1] AndroidManifest.xml:40:22-89
68    <uses-permission android:name="com.huawei.android.launcher.permission.WRITE_SETTINGS" /> <!-- ZUK -->
68-->[com.onesignal:OneSignal:3.14.1] AndroidManifest.xml:41:5-93
68-->[com.onesignal:OneSignal:3.14.1] AndroidManifest.xml:41:22-90
69    <uses-permission android:name="android.permission.READ_APP_BADGE" /> <!-- OPPO -->
69-->[com.onesignal:OneSignal:3.14.1] AndroidManifest.xml:42:5-73
69-->[com.onesignal:OneSignal:3.14.1] AndroidManifest.xml:42:22-70
70    <uses-permission android:name="com.oppo.launcher.permission.READ_SETTINGS" />
70-->[com.onesignal:OneSignal:3.14.1] AndroidManifest.xml:43:5-82
70-->[com.onesignal:OneSignal:3.14.1] AndroidManifest.xml:43:22-79
71    <uses-permission android:name="com.oppo.launcher.permission.WRITE_SETTINGS" /> <!-- EvMe -->
71-->[com.onesignal:OneSignal:3.14.1] AndroidManifest.xml:44:5-83
71-->[com.onesignal:OneSignal:3.14.1] AndroidManifest.xml:44:22-80
72    <uses-permission android:name="me.everything.badger.permission.BADGE_COUNT_READ" />
72-->[com.onesignal:OneSignal:3.14.1] AndroidManifest.xml:45:5-88
72-->[com.onesignal:OneSignal:3.14.1] AndroidManifest.xml:45:22-85
73    <uses-permission android:name="me.everything.badger.permission.BADGE_COUNT_WRITE" />
73-->[com.onesignal:OneSignal:3.14.1] AndroidManifest.xml:46:5-89
73-->[com.onesignal:OneSignal:3.14.1] AndroidManifest.xml:46:22-86
74
75    <application
75-->src\main\AndroidManifest.xml:24:5-214:19
76        android:name="com.softglu.bharatshare.base.App"
76-->src\main\AndroidManifest.xml:25:9-56
77        android:allowBackup="true"
77-->src\main\AndroidManifest.xml:26:9-35
78        android:appComponentFactory="@string/app_name"
78-->src\main\AndroidManifest.xml:27:9-55
79        android:debuggable="true"
80        android:fullBackupContent="true"
80-->src\main\AndroidManifest.xml:28:9-41
81        android:icon="@mipmap/ic_launcher"
81-->src\main\AndroidManifest.xml:29:9-43
82        android:label="@string/app_name"
82-->src\main\AndroidManifest.xml:30:9-41
83        android:supportsRtl="true"
83-->src\main\AndroidManifest.xml:31:9-35
84        android:testOnly="true"
85        android:theme="@style/Theme.TBShare" >
85-->src\main\AndroidManifest.xml:32:9-45
86        <meta-data
86-->src\main\AndroidManifest.xml:36:9-38:69
87            android:name="com.google.android.gms.version"
87-->src\main\AndroidManifest.xml:37:13-58
88            android:value="@integer/google_play_services_version" />
88-->src\main\AndroidManifest.xml:38:13-66
89        <meta-data
89-->src\main\AndroidManifest.xml:39:9-41:52
90            android:name="com.google.android.gms.ads.APPLICATION_ID"
90-->src\main\AndroidManifest.xml:40:13-69
91            android:value="@string/admob_app_id" />
91-->src\main\AndroidManifest.xml:41:13-49
92
93        <activity
93-->src\main\AndroidManifest.xml:43:9-49:20
94            android:name="com.softglu.bharatshare.activity.MainActivity"
94-->src\main\AndroidManifest.xml:44:13-73
95            android:label="History"
95-->src\main\AndroidManifest.xml:45:13-36
96            android:launchMode="singleTask"
96-->src\main\AndroidManifest.xml:46:13-44
97            android:theme="@style/Theme.TBShare.NoActionBar" >
97-->src\main\AndroidManifest.xml:47:13-61
98        </activity>
99        <activity
99-->src\main\AndroidManifest.xml:50:9-66:20
100            android:name="com.softglu.bharatshare.activity.ShareActivity"
100-->src\main\AndroidManifest.xml:51:13-74
101            android:label="@string/app_name"
101-->src\main\AndroidManifest.xml:52:13-45
102            android:theme="@style/Theme.TBShare.NoActionBar.StaticStatusBar" >
102-->src\main\AndroidManifest.xml:53:13-77
103            <intent-filter>
103-->src\main\AndroidManifest.xml:54:13-63:29
104                <action android:name="genonbeta.intent.action.TBShare_SEND_TEXT" />
104-->src\main\AndroidManifest.xml:55:17-84
104-->src\main\AndroidManifest.xml:55:25-81
105                <action android:name="android.intent.action.SEND" />
105-->src\main\AndroidManifest.xml:56:17-69
105-->src\main\AndroidManifest.xml:56:25-66
106                <action android:name="android.intent.action.SEND_MULTIPLE" />
106-->src\main\AndroidManifest.xml:57:17-78
106-->src\main\AndroidManifest.xml:57:25-75
107                <action android:name="genonbeta.intent.action.TBShare_SEND" />
107-->src\main\AndroidManifest.xml:58:17-79
107-->src\main\AndroidManifest.xml:58:25-76
108                <action android:name="genonbeta.intent.action.TBShare_SEND_MULTIPLE" />
108-->src\main\AndroidManifest.xml:59:17-88
108-->src\main\AndroidManifest.xml:59:25-85
109
110                <category android:name="android.intent.category.DEFAULT" />
110-->src\main\AndroidManifest.xml:61:17-76
110-->src\main\AndroidManifest.xml:61:27-73
111
112                <data android:mimeType="*/*" />
112-->src\main\AndroidManifest.xml:62:17-48
112-->src\main\AndroidManifest.xml:62:23-45
113            </intent-filter>
114        </activity>
115        <activity
115-->src\main\AndroidManifest.xml:68:9-71:80
116            android:name="com.softglu.bharatshare.activity.AddDevicesToTransferActivity"
116-->src\main\AndroidManifest.xml:69:13-89
117            android:label="@string/text_addDevicesToTransfer"
117-->src\main\AndroidManifest.xml:70:13-62
118            android:theme="@style/Theme.TBShare.NoActionBar.StaticStatusBar" />
118-->src\main\AndroidManifest.xml:71:13-77
119        <activity
119-->src\main\AndroidManifest.xml:73:9-76:80
120            android:name="com.softglu.bharatshare.activity.FileExplorerActivity"
120-->src\main\AndroidManifest.xml:74:13-81
121            android:label="@string/text_fileExplorer"
121-->src\main\AndroidManifest.xml:75:13-54
122            android:theme="@style/Theme.TBShare.NoActionBar.StaticStatusBar" />
122-->src\main\AndroidManifest.xml:76:13-77
123        <activity
123-->src\main\AndroidManifest.xml:78:9-81:80
124            android:name="com.softglu.bharatshare.activity.ConnectionManagerActivity"
124-->src\main\AndroidManifest.xml:79:13-86
125            android:label="@string/text_connectDevices"
125-->src\main\AndroidManifest.xml:80:13-56
126            android:theme="@style/Theme.TBShare.NoActionBar.StaticStatusBar" />
126-->src\main\AndroidManifest.xml:81:13-77
127        <activity
127-->src\main\AndroidManifest.xml:83:9-92:20
128            android:name="com.softglu.bharatshare.activity.ContentSharingActivity"
128-->src\main\AndroidManifest.xml:84:13-83
129            android:label="@string/app_name"
129-->src\main\AndroidManifest.xml:85:13-45
130            android:launchMode="singleTask"
130-->src\main\AndroidManifest.xml:86:13-44
131            android:theme="@style/Theme.TBShare.NoActionBar.StaticStatusBar" >
131-->src\main\AndroidManifest.xml:87:13-77
132            <intent-filter>
132-->src\main\AndroidManifest.xml:88:13-91:29
133                <action android:name="android.intent.action.MAIN" />
133-->src\main\AndroidManifest.xml:89:17-69
133-->src\main\AndroidManifest.xml:89:25-66
134
135                <category android:name="android.intent.category.LAUNCHER" />
135-->src\main\AndroidManifest.xml:90:17-77
135-->src\main\AndroidManifest.xml:90:27-74
136            </intent-filter>
137        </activity>
138        <activity
138-->src\main\AndroidManifest.xml:94:9-96:57
139            android:name="com.softglu.bharatshare.activity.FilePickerActivity"
139-->src\main\AndroidManifest.xml:95:13-79
140            android:label="@string/text_fileExplorer" />
140-->src\main\AndroidManifest.xml:96:13-54
141        <activity
141-->src\main\AndroidManifest.xml:98:9-116:20
142            android:name="com.softglu.bharatshare.activity.ViewTransferActivity"
142-->src\main\AndroidManifest.xml:99:13-81
143            android:label="@string/text_transactionViewer"
143-->src\main\AndroidManifest.xml:100:13-59
144            android:theme="@style/Theme.TBShare.NoActionBar.StaticStatusBar" >
144-->src\main\AndroidManifest.xml:101:13-77
145            <intent-filter>
145-->src\main\AndroidManifest.xml:102:13-115:29
146                <action android:name="android.intent.action.VIEW" />
146-->src\main\AndroidManifest.xml:103:17-69
146-->src\main\AndroidManifest.xml:103:25-66
147
148                <category android:name="android.intent.category.DEFAULT" />
148-->src\main\AndroidManifest.xml:61:17-76
148-->src\main\AndroidManifest.xml:61:27-73
149                <category android:name="android.intent.category.BROWSABLE" />
149-->src\main\AndroidManifest.xml:106:17-78
149-->src\main\AndroidManifest.xml:106:27-75
150
151                <data android:scheme="file" />
151-->src\main\AndroidManifest.xml:62:17-48
151-->src\main\AndroidManifest.xml:108:23-44
152                <data android:scheme="content" />
152-->src\main\AndroidManifest.xml:62:17-48
152-->src\main\AndroidManifest.xml:108:23-44
153                <data android:mimeType="*/*" />
153-->src\main\AndroidManifest.xml:62:17-48
153-->src\main\AndroidManifest.xml:62:23-45
154                <data android:host="*" />
154-->src\main\AndroidManifest.xml:62:17-48
154-->src\main\AndroidManifest.xml:112:23-39
155                <data android:pathPattern=".*\\.tshare" />
155-->src\main\AndroidManifest.xml:62:17-48
155-->src\main\AndroidManifest.xml:113:23-56
156                <data android:pathPattern=".*\\..*\\.tshare" />
156-->src\main\AndroidManifest.xml:62:17-48
156-->src\main\AndroidManifest.xml:113:23-56
157            </intent-filter>
158        </activity>
159        <activity
159-->src\main\AndroidManifest.xml:118:9-121:63
160            android:name="com.softglu.bharatshare.activity.ManageDevicesActivity"
160-->src\main\AndroidManifest.xml:119:13-82
161            android:label="@string/text_manageDevices"
161-->src\main\AndroidManifest.xml:120:13-55
162            android:theme="@style/Theme.TBShare.NoActionBar" />
162-->src\main\AndroidManifest.xml:121:13-61
163        <activity
163-->src\main\AndroidManifest.xml:123:9-125:51
164            android:name="com.softglu.bharatshare.activity.SearchActivity"
164-->src\main\AndroidManifest.xml:124:13-75
165            android:label="@string/butn_search" />
165-->src\main\AndroidManifest.xml:125:13-48
166        <activity
166-->src\main\AndroidManifest.xml:127:9-129:55
167            android:name="com.softglu.bharatshare.activity.TextEditorActivity"
167-->src\main\AndroidManifest.xml:128:13-79
168            android:label="@string/text_textEditor" />
168-->src\main\AndroidManifest.xml:129:13-52
169        <activity
169-->src\main\AndroidManifest.xml:131:9-138:20
170            android:name="com.softglu.bharatshare.activity.ChangeStoragePathActivity"
170-->src\main\AndroidManifest.xml:132:13-86
171            android:theme="@style/Base.Theme.AppCompat.Dialog" >
171-->src\main\AndroidManifest.xml:133:13-63
172            <intent-filter>
172-->src\main\AndroidManifest.xml:134:13-137:29
173                <action android:name="com.genonbeta.intent.action.UPDATE_STORAGE_PATH" />
173-->src\main\AndroidManifest.xml:135:17-90
173-->src\main\AndroidManifest.xml:135:25-87
174
175                <category android:name="android.intent.category.DEFAULT" />
175-->src\main\AndroidManifest.xml:61:17-76
175-->src\main\AndroidManifest.xml:61:27-73
176            </intent-filter>
177        </activity>
178        <activity
178-->src\main\AndroidManifest.xml:140:9-143:75
179            android:name="com.softglu.bharatshare.activity.BarcodeScannerActivity"
179-->src\main\AndroidManifest.xml:141:13-83
180            android:label="@string/text_scanQrCode"
180-->src\main\AndroidManifest.xml:142:13-52
181            android:theme="@style/Theme.TBShare.BarcodeScannerActivity" />
181-->src\main\AndroidManifest.xml:143:13-72
182        <activity
182-->src\main\AndroidManifest.xml:145:9-151:20
183            android:name="com.softglu.bharatshare.activity.SplashActivity"
183-->src\main\AndroidManifest.xml:146:13-75
184            android:label="@string/app_name"
184-->src\main\AndroidManifest.xml:147:13-45
185            android:theme="@style/Theme.TBShare.NoActionBar" >
185-->src\main\AndroidManifest.xml:148:13-61
186        </activity>
187
188        <provider
189            android:name="androidx.core.content.FileProvider"
189-->src\main\AndroidManifest.xml:154:13-62
190            android:authorities="com.softglu.bharatshare.fileprovider"
190-->src\main\AndroidManifest.xml:155:13-64
191            android:exported="false"
191-->src\main\AndroidManifest.xml:156:13-37
192            android:grantUriPermissions="true" >
192-->src\main\AndroidManifest.xml:157:13-47
193            <meta-data
193-->src\main\AndroidManifest.xml:158:13-160:58
194                android:name="android.support.FILE_PROVIDER_PATHS"
194-->src\main\AndroidManifest.xml:159:17-67
195                android:resource="@xml/provider_paths" />
195-->src\main\AndroidManifest.xml:160:17-55
196        </provider>
197
198        <receiver
198-->src\main\AndroidManifest.xml:163:9-172:20
199            android:name="com.softglu.bharatshare.receiver.NetworkStatusReceiver"
199-->src\main\AndroidManifest.xml:164:13-82
200            android:process=":transfer" >
200-->src\main\AndroidManifest.xml:165:13-40
201            <intent-filter>
201-->src\main\AndroidManifest.xml:166:13-171:29
202                <action android:name="android.net.wifi.WIFI_STATE_CHANGED" />
202-->src\main\AndroidManifest.xml:167:17-78
202-->src\main\AndroidManifest.xml:167:25-75
203                <action android:name="android.net.wifi.WIFI_AP_STATE_CHANGED" />
203-->src\main\AndroidManifest.xml:168:17-81
203-->src\main\AndroidManifest.xml:168:25-78
204                <action android:name="android.net.wifi.STATE_CHANGE" />
204-->src\main\AndroidManifest.xml:169:17-72
204-->src\main\AndroidManifest.xml:169:25-69
205                <action android:name="android.net.wifi.p2p.CONNECTION_STATE_CHANGE" />
205-->src\main\AndroidManifest.xml:170:17-87
205-->src\main\AndroidManifest.xml:170:25-84
206            </intent-filter>
207        </receiver>
208        <receiver
208-->src\main\AndroidManifest.xml:173:9-175:43
209            android:name="com.softglu.bharatshare.receiver.DialogEventReceiver"
209-->src\main\AndroidManifest.xml:174:13-80
210            android:process=":transfer" />
210-->src\main\AndroidManifest.xml:175:13-40
211
212        <service
212-->src\main\AndroidManifest.xml:177:9-181:43
213            android:name="com.softglu.bharatshare.service.CommunicationService"
213-->src\main\AndroidManifest.xml:178:13-80
214            android:enabled="true"
214-->src\main\AndroidManifest.xml:179:13-35
215            android:label="@string/text_communicationService"
215-->src\main\AndroidManifest.xml:180:13-62
216            android:process=":transfer" />
216-->src\main\AndroidManifest.xml:181:13-40
217        <service
217-->src\main\AndroidManifest.xml:183:9-190:19
218            android:name="com.softglu.bharatshare.service.DeviceChooserService"
218-->src\main\AndroidManifest.xml:184:13-80
219            android:label="@string/text_chooserTargetService"
219-->src\main\AndroidManifest.xml:185:13-62
220            android:permission="android.permission.BIND_CHOOSER_TARGET_SERVICE" >
220-->src\main\AndroidManifest.xml:186:13-80
221            <intent-filter>
221-->src\main\AndroidManifest.xml:187:13-189:29
222                <action android:name="android.service.chooser.ChooserTargetService" />
222-->src\main\AndroidManifest.xml:188:17-87
222-->src\main\AndroidManifest.xml:188:25-84
223            </intent-filter>
224        </service>
225        <service android:name="com.softglu.bharatshare.service.DeviceScannerService" >
225-->src\main\AndroidManifest.xml:191:9-198:19
225-->src\main\AndroidManifest.xml:191:18-85
226            <intent-filter>
226-->src\main\AndroidManifest.xml:192:13-197:29
227                <action android:name="genonbeta.intent.action.SCAN_DEVICES" />
227-->src\main\AndroidManifest.xml:193:17-79
227-->src\main\AndroidManifest.xml:193:25-76
228                <action android:name="genonbeta.intent.action.ADD_IP" />
228-->src\main\AndroidManifest.xml:194:17-73
228-->src\main\AndroidManifest.xml:194:25-70
229
230                <category android:name="android.intent.category.DEFAULT" />
230-->src\main\AndroidManifest.xml:61:17-76
230-->src\main\AndroidManifest.xml:61:27-73
231            </intent-filter>
232        </service>
233        <service
233-->src\main\AndroidManifest.xml:200:9-202:58
234            android:name="com.softglu.bharatshare.service.WorkerService"
234-->src\main\AndroidManifest.xml:201:13-73
235            android:label="@string/text_workerService" />
235-->src\main\AndroidManifest.xml:202:13-55
236        <service
236-->src\main\AndroidManifest.xml:204:9-213:19
237            android:name="com.softglu.bharatshare.service.CommunicationToggleTile"
237-->src\main\AndroidManifest.xml:205:13-83
238            android:icon="@mipmap/ic_launcher"
238-->src\main\AndroidManifest.xml:206:13-47
239            android:label="@string/text_shareFiles"
239-->src\main\AndroidManifest.xml:207:13-52
240            android:permission="android.permission.BIND_QUICK_SETTINGS_TILE"
240-->src\main\AndroidManifest.xml:208:13-77
241            android:process=":transfer" >
241-->src\main\AndroidManifest.xml:209:13-40
242            <intent-filter>
242-->src\main\AndroidManifest.xml:210:13-212:29
243                <action android:name="android.service.quicksettings.action.QS_TILE" />
243-->src\main\AndroidManifest.xml:211:17-87
243-->src\main\AndroidManifest.xml:211:25-84
244            </intent-filter>
245        </service>
246
247        <activity
247-->[com.velitasali.tools.android:zxing:3.6.3] AndroidManifest.xml:36:9-42:63
248            android:name="com.journeyapps.barcodescanner.CaptureActivity"
248-->[com.velitasali.tools.android:zxing:3.6.3] AndroidManifest.xml:37:13-74
249            android:clearTaskOnLaunch="true"
249-->[com.velitasali.tools.android:zxing:3.6.3] AndroidManifest.xml:38:13-45
250            android:screenOrientation="sensorLandscape"
250-->[com.velitasali.tools.android:zxing:3.6.3] AndroidManifest.xml:39:13-56
251            android:stateNotNeeded="true"
251-->[com.velitasali.tools.android:zxing:3.6.3] AndroidManifest.xml:40:13-42
252            android:theme="@style/zxing_CaptureTheme"
252-->[com.velitasali.tools.android:zxing:3.6.3] AndroidManifest.xml:41:13-54
253            android:windowSoftInputMode="stateAlwaysHidden" />
253-->[com.velitasali.tools.android:zxing:3.6.3] AndroidManifest.xml:42:13-60
254
255        <meta-data
255-->[com.onesignal:OneSignal:3.14.1] AndroidManifest.xml:49:9-51:51
256            android:name="onesignal_app_id"
256-->[com.onesignal:OneSignal:3.14.1] AndroidManifest.xml:50:13-44
257            android:value="Your OneSignal ID" /> <!-- Deprecated - Pulled from OneSignal dashboard. -->
257-->[com.onesignal:OneSignal:3.14.1] AndroidManifest.xml:51:13-48
258        <meta-data
258-->[com.onesignal:OneSignal:3.14.1] AndroidManifest.xml:53:9-55:70
259            android:name="onesignal_google_project_number"
259-->[com.onesignal:OneSignal:3.14.1] AndroidManifest.xml:54:13-59
260            android:value="str:REMOTE" />
260-->[com.onesignal:OneSignal:3.14.1] AndroidManifest.xml:55:13-67
261
262        <receiver
262-->[com.onesignal:OneSignal:3.14.1] AndroidManifest.xml:57:9-67:20
263            android:name="com.onesignal.GcmBroadcastReceiver"
263-->[com.onesignal:OneSignal:3.14.1] AndroidManifest.xml:58:13-62
264            android:permission="com.google.android.c2dm.permission.SEND" >
264-->[com.onesignal:OneSignal:3.14.1] AndroidManifest.xml:59:13-73
265
266            <!-- High priority so OneSignal payloads can be filtered from other GCM receivers if filterOtherGCMReceivers is enabled. -->
267            <intent-filter android:priority="999" >
267-->[com.onesignal:OneSignal:3.14.1] AndroidManifest.xml:62:13-66:29
267-->[com.onesignal:OneSignal:3.14.1] AndroidManifest.xml:62:28-50
268                <action android:name="com.google.android.c2dm.intent.RECEIVE" />
268-->[com.onesignal:OneSignal:3.14.1] AndroidManifest.xml:63:17-81
268-->[com.onesignal:OneSignal:3.14.1] AndroidManifest.xml:63:25-78
269
270                <category android:name="com.softglu.bharatshare" />
270-->[com.onesignal:OneSignal:3.14.1] AndroidManifest.xml:65:17-61
270-->[com.onesignal:OneSignal:3.14.1] AndroidManifest.xml:65:27-58
271            </intent-filter>
272        </receiver>
273        <receiver android:name="com.onesignal.NotificationOpenedReceiver" />
273-->[com.onesignal:OneSignal:3.14.1] AndroidManifest.xml:68:9-77
273-->[com.onesignal:OneSignal:3.14.1] AndroidManifest.xml:68:19-74
274
275        <service android:name="com.onesignal.GcmIntentService" />
275-->[com.onesignal:OneSignal:3.14.1] AndroidManifest.xml:70:9-66
275-->[com.onesignal:OneSignal:3.14.1] AndroidManifest.xml:70:18-63
276        <service
276-->[com.onesignal:OneSignal:3.14.1] AndroidManifest.xml:71:9-73:72
277            android:name="com.onesignal.GcmIntentJobService"
277-->[com.onesignal:OneSignal:3.14.1] AndroidManifest.xml:72:13-61